SF:lib/core/error/failure.dart
DA:4,2
DA:6,0
DA:7,0
LF:3
LH:1
end_of_record
SF:lib/features/earthquake_history/domain/entities/earthquake_history.dart
DA:9,2
DA:11,0
DA:14,0
DA:16,1
DA:17,2
LF:5
LH:3
end_of_record
SF:lib/features/earthquake_history/domain/entities/gempa.dart
DA:16,0
DA:28,0
DA:39,0
DA:40,0
DA:41,0
DA:42,0
DA:43,0
DA:44,0
DA:45,0
DA:46,0
DA:47,0
DA:48,0
DA:51,0
DA:52,0
DA:53,0
DA:54,0
DA:55,0
DA:56,0
DA:57,0
DA:58,0
DA:59,0
DA:60,0
DA:61,0
LF:23
LH:0
end_of_record
SF:lib/features/earthquake_history/domain/entities/info_gempa.dart
DA:8,2
DA:10,0
DA:13,0
DA:15,1
DA:16,2
LF:5
LH:3
end_of_record
SF:lib/features/earthquake_history/domain/usecases/get_earthquake_history.dart
DA:11,1
DA:13,1
DA:14,3
LF:3
LH:3
end_of_record
SF:lib/features/earthquake_history/presentation/bloc/earthquake_history_event.dart
DA:4,1
DA:8,0
DA:9,0
LF:3
LH:1
end_of_record
SF:lib/features/earthquake_history/presentation/bloc/earthquake_history_state.dart
DA:7,1
DA:11,1
DA:12,1
DA:16,1
DA:17,1
DA:23,1
DA:25,1
DA:26,2
DA:32,1
DA:34,1
DA:35,2
LF:11
LH:11
end_of_record
SF:lib/features/earthquake_history/presentation/bloc/earthquake_history_bloc.dart
DA:21,1
DA:23,1
DA:24,1
DA:27,1
DA:30,1
DA:31,2
DA:32,2
DA:33,2
DA:34,3
DA:35,2
DA:42,1
DA:43,1
DA:44,1
DA:46,0
DA:48,0
LF:15
LH:13
end_of_record
SF:lib/features/earthquake_history/domain/entities/point.dart
DA:7,0
DA:11,0
DA:14,0
DA:15,0
DA:18,0
DA:19,0
LF:6
LH:0
end_of_record
SF:lib/features/earthquake_history/data/models/earthquake_history_model.dart
DA:9,0
DA:10,0
DA:12,0
DA:13,0
DA:16,0
DA:17,0
DA:19,0
DA:20,0
DA:21,0
DA:23,0
DA:26,0
DA:27,0
LF:12
LH:0
end_of_record
SF:lib/features/earthquake_history/data/models/info_gempa_model.dart
DA:8,0
DA:10,0
DA:12,0
DA:13,0
DA:15,0
DA:16,0
DA:19,0
DA:20,0
LF:8
LH:0
end_of_record
SF:lib/features/earthquake_history/data/models/gempa_model.dart
DA:8,0
DA:18,0
DA:30,0
DA:31,0
DA:32,0
DA:34,0
DA:35,0
DA:36,0
DA:37,0
DA:38,0
DA:39,0
DA:40,0
DA:43,0
DA:44,0
DA:45,0
DA:46,0
DA:47,0
DA:48,0
DA:49,0
DA:50,0
DA:51,0
DA:52,0
LF:22
LH:0
end_of_record
SF:lib/features/earthquake_history/data/models/point_model.dart
DA:6,0
DA:8,0
DA:10,0
DA:11,0
DA:14,0
DA:15,0
LF:6
LH:0
end_of_record
SF:lib/features/earthquake_history/data/datasources/earthquake_history_remote_data_source.dart
DA:19,0
DA:25,0
DA:28,0
DA:29,0
DA:30,0
DA:31,0
DA:32,0
DA:34,0
DA:36,0
DA:37,0
DA:38,0
DA:39,0
LF:12
LH:0
end_of_record
SF:lib/features/earthquake_history/data/repositories/earthquake_history_repository_impl.dart
DA:13,0
DA:16,0
DA:18,0
DA:19,0
DA:20,0
DA:21,0
DA:22,0
DA:23,0
DA:24,0
DA:25,0
LF:10
LH:0
end_of_record
SF:lib/features/recent_earthquake/domain/entities/gempa.dart
DA:22,2
DA:39,0
DA:55,0
DA:56,0
DA:57,0
DA:58,0
DA:59,0
DA:60,0
DA:61,0
DA:62,0
DA:63,0
DA:64,0
DA:65,0
DA:66,0
DA:67,0
DA:68,0
DA:69,0
DA:72,1
DA:73,1
DA:74,1
DA:75,1
DA:76,1
DA:77,1
DA:78,1
DA:79,1
DA:80,1
DA:81,1
DA:82,1
DA:83,1
DA:84,1
DA:85,1
DA:86,1
DA:87,1
LF:33
LH:17
end_of_record
SF:lib/features/recent_earthquake/domain/entities/info_gempa.dart
DA:9,2
DA:11,0
DA:14,0
DA:16,1
DA:17,2
LF:5
LH:3
end_of_record
SF:lib/features/recent_earthquake/domain/entities/point.dart
DA:7,2
DA:9,0
DA:12,0
DA:13,0
DA:16,1
DA:17,2
LF:6
LH:3
end_of_record
SF:lib/features/recent_earthquake/domain/entities/recent_earthquake.dart
DA:9,2
DA:11,0
DA:14,0
DA:16,1
DA:17,2
LF:5
LH:3
end_of_record
SF:lib/features/recent_earthquake/domain/usecases/get_recent_earthquake.dart
DA:10,1
DA:12,1
DA:13,3
LF:3
LH:3
end_of_record
SF:lib/features/recent_earthquake/presentation/bloc/recent_earthquake_bloc.dart
DA:20,1
DA:22,1
DA:23,1
DA:26,1
DA:29,1
DA:30,2
DA:31,2
DA:32,2
DA:33,3
DA:34,2
DA:42,1
DA:43,1
DA:44,1
DA:46,0
DA:48,0
LF:15
LH:13
end_of_record
SF:lib/features/recent_earthquake/presentation/bloc/recent_earthquake_event.dart
DA:4,1
DA:8,0
DA:9,0
LF:3
LH:1
end_of_record
SF:lib/features/recent_earthquake/presentation/bloc/recent_earthquake_state.dart
DA:7,1
DA:11,1
DA:12,1
DA:19,1
DA:24,0
DA:28,0
DA:29,0
DA:30,0
DA:34,1
DA:35,3
DA:39,1
DA:40,1
DA:46,1
DA:48,1
DA:49,2
LF:15
LH:11
end_of_record
SF:lib/features/recent_earthquake/data/models/recent_earthquake_model.dart
DA:9,0
DA:10,0
DA:12,0
DA:13,0
DA:16,0
DA:17,0
DA:19,0
DA:20,0
DA:21,0
DA:23,0
DA:26,0
DA:27,0
LF:12
LH:0
end_of_record
SF:lib/features/recent_earthquake/data/models/gempa_model.dart
DA:8,0
DA:23,0
DA:40,0
DA:41,0
DA:42,0
DA:44,0
DA:45,0
DA:46,0
DA:47,0
DA:48,0
DA:49,0
DA:50,0
DA:51,0
DA:52,0
DA:53,0
DA:54,0
DA:55,0
DA:58,0
DA:59,0
DA:60,0
DA:61,0
DA:62,0
DA:63,0
DA:64,0
DA:65,0
DA:66,0
DA:67,0
DA:68,0
DA:69,0
DA:70,0
DA:71,0
DA:72,0
LF:32
LH:0
end_of_record
SF:lib/features/recent_earthquake/data/models/point_model.dart
DA:5,0
DA:7,0
DA:9,0
DA:10,0
DA:13,0
DA:14,0
LF:6
LH:0
end_of_record
SF:lib/features/recent_earthquake/data/models/info_gempa_model.dart
DA:8,0
DA:10,0
DA:12,0
DA:14,0
DA:17,0
DA:18,0
LF:6
LH:0
end_of_record
SF:lib/features/recent_earthquake/data/datasources/recent_earthquake_remote_data_source.dart
DA:19,0
DA:25,0
DA:27,0
DA:28,0
DA:29,0
DA:30,0
DA:31,0
DA:33,0
DA:35,0
DA:36,0
DA:37,0
DA:38,0
LF:12
LH:0
end_of_record
